  [1m[35m (0.4ms)[0m  [1m[35mCREATE DATABASE "react_rails_api_project_template_development" ENCODING = 'unicode'[0m
  [1m[35m (0.3ms)[0m  [1m[35mCREATE DATABASE "react_rails_api_project_template_test" ENCODING = 'unicode'[0m
  [1m[35m (0.2ms)[0m  [1m[34mSELECT pg_try_advisory_lock(1087325618115650655)[0m
  [1m[35m (0.3ms)[0m  [1m[34mSELECT "schema_migrations"."version" FROM "schema_migrations" ORDER BY "schema_migrations"."version" ASC[0m
  [1m[36mActiveRecord::InternalMetadata Load (0.3ms)[0m  [1m[34mSELECT "ar_internal_metadata".* FROM "ar_internal_metadata" WHERE "ar_internal_metadata"."key" = $1 LIMIT $2[0m  [["key", "environment"], ["LIMIT", 1]]
  [1m[35m (0.2ms)[0m  [1m[34mSELECT pg_advisory_unlock(1087325618115650655)[0m
  [1m[35m (0.3ms)[0m  [1m[34mSELECT "schema_migrations"."version" FROM "schema_migrations" ORDER BY "schema_migrations"."version" ASC[0m
  [1m[35m (0.4ms)[0m  [1m[34mSELECT "schema_migrations"."version" FROM "schema_migrations" ORDER BY "schema_migrations"."version" ASC[0m
  [1m[36mUser Load (0.2ms)[0m  [1m[34mSELECT "users".* FROM "users" /* loading for inspect */ LIMIT $1[0m  [["LIMIT", 11]]
  [1m[36mChore Load (0.2ms)[0m  [1m[34mSELECT "chores".* FROM "chores" /* loading for inspect */ LIMIT $1[0m  [["LIMIT", 11]]
  [1m[35m (0.4ms)[0m  [1m[34mSELECT "schema_migrations"."version" FROM "schema_migrations" ORDER BY "schema_migrations"."version" ASC[0m
Started GET "/users" for ::1 at 2022-02-15 18:24:54 -0700
  [1m[35m (0.5ms)[0m  [1m[34mSELECT "schema_migrations"."version" FROM "schema_migrations" ORDER BY "schema_migrations"."version" ASC[0m
  
ActionController::RoutingError (No route matches [GET] "/users"):
  
Started GET "/chores" for ::1 at 2022-02-15 18:25:05 -0700
  
ActionController::RoutingError (No route matches [GET] "/chores"):
  
Started GET "/chores" for ::1 at 2022-02-15 18:27:43 -0700
  
ActionController::RoutingError (No route matches [GET] "/chores"):
  
Started GET "/chores" for ::1 at 2022-02-15 18:27:44 -0700
  
ActionController::RoutingError (No route matches [GET] "/chores"):
  
Started GET "/chores" for ::1 at 2022-02-15 18:27:45 -0700
  
ActionController::RoutingError (No route matches [GET] "/chores"):
  
Started GET "/chores" for ::1 at 2022-02-15 18:27:53 -0700
  [1m[35m (0.4ms)[0m  [1m[34mSELECT "schema_migrations"."version" FROM "schema_migrations" ORDER BY "schema_migrations"."version" ASC[0m
  
ActionController::RoutingError (No route matches [GET] "/chores"):
  
Started GET "/users" for ::1 at 2022-02-15 18:46:15 -0700
  [1m[35m (0.4ms)[0m  [1m[34mSELECT "schema_migrations"."version" FROM "schema_migrations" ORDER BY "schema_migrations"."version" ASC[0m
  
ActionController::RoutingError (No route matches [GET] "/users"):
  
